<?xml version="1.0" encoding="UTF-8"?>
<!-- Generated by org.testng.reporters.JUnitXMLReporter -->
<testsuite ignored="0" hostname="DESKTOP-86S4MIF" failures="1" tests="1" name="Register Test" time="0.066" errors="0" timestamp="2023-11-19T17:03:57 EST">
  <testcase classname="testcases.suiteb.ValidateUserRegTest" name="register" time="0.021">
    <failure type="java.lang.AssertionError" message="The following asserts failed:
	expected [XYZA] but found [XYZ],
	Element not found expected [true] but found [false],
	Submit button was not there,
	Submit button was not there">
      <![CDATA[java.lang.AssertionError: The following asserts failed:
expected [XYZA] but found [XYZ],
Element not found expected [true] but found [false],
Submit button was not there,
Submit button was not there
at testcases.suiteb.ValidateUserRegTest.register(ValidateUserRegTest.java:19)
at java.base/java.util.ArrayList.forEach(ArrayList.java:1511)
... Removed 29 stack frames]]>
    </failure>
  </testcase> <!-- register -->
</testsuite> <!-- Register Test -->
