<?xml version="1.0" encoding="UTF-8"?>
<!-- Generated by org.testng.reporters.JUnitXMLReporter -->
<testsuite ignored="0" hostname="DESKTOP-86S4MIF" failures="1" tests="12" name="Test" time="0.157" errors="0" timestamp="2023-11-15T19:36:00 EST">
  <testcase classname="testcases.ValidateUserRegTest" name="validate" time="0.021">
    <failure type="java.lang.AssertionError" message="The following asserts failed:
	expected [XYZ] but found [ABC],
	Error message expected [true] but found [false],
	404 Error came up">
      <![CDATA[java.lang.AssertionError: The following asserts failed:
expected [XYZ] but found [ABC],
Error message expected [true] but found [false],
404 Error came up
at testcases.ValidateUserRegTest.validate(ValidateUserRegTest.java:16)
at java.base/java.util.ArrayList.forEach(ArrayList.java:1511)
... Removed 29 stack frames]]>
    </failure>
  </testcase> <!-- validate -->
  <testcase classname="testcases.LoginTest" name="loginTest" time="0.002"/>
  <testcase classname="testcases.LoginTest" name="logout" time="0.001"/>
  <testcase classname="testcases.CreateUser" name="createUser" time="0.002"/>
  <testcase classname="testcases.CreateUser" name="createUser" time="0.002"/>
  <testcase classname="testcases.CreateUser" name="createUser" time="0.003"/>
  <testcase classname="testcases.CreateUser" name="deleteUser" time="0.003"/>
  <testcase classname="testcases.CreateUser" name="deleteUser" time="0.002"/>
  <testcase classname="testcases.CreateUser" name="deleteUser" time="0.001"/>
  <testcase classname="testcases.SearchAndPurchasePhoneTest" name="search" time="0.002"/>
  <testcase classname="testcases.SearchAndPurchasePhoneTest" name="selectPhone" time="0.002"/>
  <testcase classname="testcases.SearchAndPurchasePhoneTest" name="checkout" time="0.001"/>
</testsuite> <!-- Test -->
